<?xml version="1.0" encoding="UTF-8"?>
<!-- Generated by org.testng.reporters.JUnitXMLReporter -->
<testsuite ignored="0" hostname="HDLCAMPUS5380" failures="0" tests="1" name="Functional testing" time="0.241" errors="0" timestamp="2023-06-20T23:02:04 IST">
  <testcase classname="com.qa.testscripts.TestBase" name="@BeforeClass setup" time="0.057">
    <failure type="java.io.FileNotFoundException" message="C:\Users\MAIDAMSAGAR\eclipse-workspace\AutomationTest.Selenium\src\test\java\com\qa\testdata\credentials.properties (The system cannot find the path specified)">
      <![CDATA[java.io.FileNotFoundException: C:\Users\MAIDAMSAGAR\eclipse-workspace\AutomationTest.Selenium\src\test\java\com\qa\testdata\credentials.properties (The system cannot find the path specified)
at java.base/java.io.FileInputStream.open0(Native Method)
at java.base/java.io.FileInputStream.open(FileInputStream.java:216)
at java.base/java.io.FileInputStream.<init>(FileInputStream.java:157)
at java.base/java.io.FileInputStream.<init>(FileInputStream.java:111)
at com.qa.testscripts.TestBase.setup(TestBase.java:50)
at java.base/java.util.ArrayList.forEach(ArrayList.java:1511)
... Removed 25 stack frames]]>
    </failure>
  </testcase> <!-- @BeforeClass setup -->
  <testcase classname="com.qa.testscripts.TestBase" name="@AfterClass teardown" time="0.0">
    <skipped/>
  </testcase> <!-- @AfterClass teardown -->
  <testcase classname="com.qa.testscripts.TC_NewToursAss_001" name="GuruValidation" time="0.0">
    <skipped/>
  </testcase> <!-- GuruValidation -->
</testsuite> <!-- Functional testing -->
