<?xml version="1.0" encoding="UTF-8"?>
<!-- Generated by org.testng.reporters.JUnitXMLReporter -->
<testsuite ignored="0" hostname="HDDCAMPUS2988" failures="0" tests="1" name="Amazon FunctionalTest" time="0.05" errors="0" timestamp="2022-10-13T14:29:34 IST">
  <testcase classname="com.qa.testscripts.TestBaseGoogle" name="@BeforeClass setup" time="-1.665651574263E9">
    <failure type="org.testng.TestNGException" message="
Parameter &amp;apos;Browser&amp;apos; is required by BeforeClass on method setup but has not been marked @Optional or defined
in C:\Users\MAIDAMSAGAR\eclipse-workspace\AutomationTest.Selenium\testng.xml">
      <![CDATA[org.testng.TestNGException: 
Parameter 'Browser' is required by BeforeClass on method setup but has not been marked @Optional or defined
in C:\Users\MAIDAMSAGAR\eclipse-workspace\AutomationTest.Selenium\testng.xml
at java.base/java.util.ArrayList.forEach(ArrayList.java:1511)
... Removed 22 stack frames]]>
    </failure>
  </testcase> <!-- @BeforeClass setup -->
  <testcase classname="com.qa.testscripts.TestBaseGoogle" name="@AfterClass teardown" time="-1.665651574285E9">
    <skipped/>
  </testcase> <!-- @AfterClass teardown -->
  <testcase classname="com.qa.testscripts.Tc_Google_003" name="getSuggestions" time="0.0">
    <skipped/>
  </testcase> <!-- getSuggestions -->
</testsuite> <!-- Amazon FunctionalTest -->
